# JRE version: Java(TM) SE Runtime Environment (8.0_101-b13) (build 1.8.0_101-b13)
# Java VM: Java HotSpot(TM) 64-Bit Server VM (25.101-b13 mixed mode windows-amd64 compressed oops)
Heap:
 PSYoungGen      total 347136K, used 64851K [0x00000000eab00000, 0x0000000100000000, 0x0000000100000000)
  eden space 345088K, 18% used [0x00000000eab00000,0x00000000ee9e4c60,0x00000000ffc00000)
  from space 2048K, 21% used [0x00000000ffc00000,0x00000000ffc70010,0x00000000ffe00000)
  to   space 2048K, 0% used [0x00000000ffe00000,0x00000000ffe00000,0x0000000100000000)
 ParOldGen       total 26112K, used 14076K [0x00000000c0000000, 0x00000000c1980000, 0x00000000eab00000)
  object space 26112K, 53% used [0x00000000c0000000,0x00000000c0dbf020,0x00000000c1980000)
 Metaspace       used 8191K, capacity 8352K, committed 8448K, reserved 1056768K
  class space    used 865K, capacity 929K, committed 1024K, reserved 1048576K
GC Heap History (10 events):
Event: 413.174 GC heap before
{Heap before GC invocations=520 (full 9):
 PSYoungGen      total 347136K, used 345216K [0x00000000eab00000, 0x0000000100000000, 0x0000000100000000)
  eden space 345088K, 100% used [0x00000000eab00000,0x00000000ffc00000,0x00000000ffc00000)
  from space 2048K, 6% used [0x00000000ffe00000,0x00000000ffe20000,0x0000000100000000)
  to   space 2048K, 0% used [0x00000000ffc00000,0x00000000ffc00000,0x00000000ffe00000)
 ParOldGen       total 26112K, used 10768K [0x00000000c0000000, 0x00000000c1980000, 0x00000000eab00000)
  object space 26112K, 41% used [0x00000000c0000000,0x00000000c0a84130,0x00000000c1980000)
 Metaspace       used 8181K, capacity 8352K, committed 8448K, reserved 1056768K
  class space    used 863K, capacity 929K, committed 1024K, reserved 1048576K
Event: 413.177 GC heap after
Heap after GC invocations=520 (full 9):
 PSYoungGen      total 347136K, used 128K [0x00000000eab00000, 0x0000000100000000, 0x0000000100000000)
  eden space 345088K, 0% used [0x00000000eab00000,0x00000000eab00000,0x00000000ffc00000)
  from space 2048K, 6% used [0x00000000ffc00000,0x00000000ffc20000,0x00000000ffe00000)
  to   space 2048K, 0% used [0x00000000ffe00000,0x00000000ffe00000,0x0000000100000000)
 ParOldGen       total 26112K, used 10776K [0x00000000c0000000, 0x00000000c1980000, 0x00000000eab00000)
  object space 26112K, 41% used [0x00000000c0000000,0x00000000c0a86130,0x00000000c1980000)
 Metaspace       used 8181K, capacity 8352K, committed 8448K, reserved 1056768K
  class space    used 863K, capacity 929K, committed 1024K, reserved 1048576K
}
Event: 413.662 GC heap before
{Heap before GC invocations=521 (full 9):
 PSYoungGen      total 347136K, used 345216K [0x00000000eab00000, 0x0000000100000000, 0x0000000100000000)
  eden space 345088K, 100% used [0x00000000eab00000,0x00000000ffc00000,0x00000000ffc00000)
  from space 2048K, 6% used [0x00000000ffc00000,0x00000000ffc20000,0x00000000ffe00000)
  to   space 2048K, 0% used [0x00000000ffe00000,0x00000000ffe00000,0x0000000100000000)
 ParOldGen       total 26112K, used 10776K [0x00000000c0000000, 0x00000000c1980000, 0x00000000eab00000)
  object space 26112K, 41% used [0x00000000c0000000,0x00000000c0a86130,0x00000000c1980000)
 Metaspace       used 8181K, capacity 8352K, committed 8448K, reserved 1056768K
  class space    used 863K, capacity 929K, committed 1024K, reserved 1048576K
Event: 413.677 GC heap after
Heap after GC invocations=521 (full 9):
 PSYoungGen      total 347136K, used 128K [0x00000000eab00000, 0x0000000100000000, 0x0000000100000000)
  eden space 345088K, 0% used [0x00000000eab00000,0x00000000eab00000,0x00000000ffc00000)
  from space 2048K, 6% used [0x00000000ffe00000,0x00000000ffe20000,0x0000000100000000)
  to   space 2048K, 0% used [0x00000000ffc00000,0x00000000ffc00000,0x00000000ffe00000)
 ParOldGen       total 26112K, used 10784K [0x00000000c0000000, 0x00000000c1980000, 0x00000000eab00000)
  object space 26112K, 41% used [0x00000000c0000000,0x00000000c0a88130,0x00000000c1980000)
 Metaspace       used 8181K, capacity 8352K, committed 8448K, reserved 1056768K
  class space    used 863K, capacity 929K, committed 1024K, reserved 1048576K
}
Event: 413.986 GC heap before
{Heap before GC invocations=522 (full 9):
 PSYoungGen      total 347136K, used 345216K [0x00000000eab00000, 0x0000000100000000, 0x0000000100000000)
  eden space 345088K, 100% used [0x00000000eab00000,0x00000000ffc00000,0x00000000ffc00000)
  from space 2048K, 6% used [0x00000000ffe00000,0x00000000ffe20000,0x0000000100000000)
  to   space 2048K, 0% used [0x00000000ffc00000,0x00000000ffc00000,0x00000000ffe00000)
 ParOldGen       total 26112K, used 10784K [0x00000000c0000000, 0x00000000c1980000, 0x00000000eab00000)
  object space 26112K, 41% used [0x00000000c0000000,0x00000000c0a88130,0x00000000c1980000)
 Metaspace       used 8181K, capacity 8352K, committed 8448K, reserved 1056768K
  class space    used 863K, capacity 929K, committed 1024K, reserved 1048576K
Event: 414.025 GC heap after
Heap after GC invocations=522 (full 9):
 PSYoungGen      total 347136K, used 96K [0x00000000eab00000, 0x0000000100000000, 0x0000000100000000)
  eden space 345088K, 0% used [0x00000000eab00000,0x00000000eab00000,0x00000000ffc00000)
  from space 2048K, 4% used [0x00000000ffc00000,0x00000000ffc18000,0x00000000ffe00000)
  to   space 2048K, 0% used [0x00000000ffe00000,0x00000000ffe00000,0x0000000100000000)
 ParOldGen       total 26112K, used 12840K [0x00000000c0000000, 0x00000000c1980000, 0x00000000eab00000)
  object space 26112K, 49% used [0x00000000c0000000,0x00000000c0c8a140,0x00000000c1980000)
 Metaspace       used 8181K, capacity 8352K, committed 8448K, reserved 1056768K
  class space    used 863K, capacity 929K, committed 1024K, reserved 1048576K
}
Event: 414.475 GC heap before
{Heap before GC invocations=523 (full 9):
 PSYoungGen      total 347136K, used 345184K [0x00000000eab00000, 0x0000000100000000, 0x0000000100000000)
  eden space 345088K, 100% used [0x00000000eab00000,0x00000000ffc00000,0x00000000ffc00000)
  from space 2048K, 4% used [0x00000000ffc00000,0x00000000ffc18000,0x00000000ffe00000)
  to   space 2048K, 0% used [0x00000000ffe00000,0x00000000ffe00000,0x0000000100000000)
 ParOldGen       total 26112K, used 12840K [0x00000000c0000000, 0x00000000c1980000, 0x00000000eab00000)
  object space 26112K, 49% used [0x00000000c0000000,0x00000000c0c8a140,0x00000000c1980000)
 Metaspace       used 8181K, capacity 8352K, committed 8448K, reserved 1056768K
  class space    used 863K, capacity 929K, committed 1024K, reserved 1048576K
Event: 414.485 GC heap after
Heap after GC invocations=523 (full 9):
 PSYoungGen      total 347136K, used 1499K [0x00000000eab00000, 0x0000000100000000, 0x0000000100000000)
  eden space 345088K, 0% used [0x00000000eab00000,0x00000000eab00000,0x00000000ffc00000)
  from space 2048K, 73% used [0x00000000ffe00000,0x00000000fff76ef0,0x0000000100000000)
  to   space 2048K, 0% used [0x00000000ffc00000,0x00000000ffc00000,0x00000000ffe00000)
 ParOldGen       total 26112K, used 12848K [0x00000000c0000000, 0x00000000c1980000, 0x00000000eab00000)
  object space 26112K, 49% used [0x00000000c0000000,0x00000000c0c8c140,0x00000000c1980000)
 Metaspace       used 8181K, capacity 8352K, committed 8448K, reserved 1056768K
  class space    used 863K, capacity 929K, committed 1024K, reserved 1048576K
}
Event: 414.794 GC heap before
{Heap before GC invocations=524 (full 9):
 PSYoungGen      total 347136K, used 346587K [0x00000000eab00000, 0x0000000100000000, 0x0000000100000000)
  eden space 345088K, 100% used [0x00000000eab00000,0x00000000ffc00000,0x00000000ffc00000)
  from space 2048K, 73% used [0x00000000ffe00000,0x00000000fff76ef0,0x0000000100000000)
  to   space 2048K, 0% used [0x00000000ffc00000,0x00000000ffc00000,0x00000000ffe00000)
 ParOldGen       total 26112K, used 12848K [0x00000000c0000000, 0x00000000c1980000, 0x00000000eab00000)
  object space 26112K, 49% used [0x00000000c0000000,0x00000000c0c8c140,0x00000000c1980000)
 Metaspace       used 8181K, capacity 8352K, committed 8448K, reserved 1056768K
  class space    used 863K, capacity 929K, committed 1024K, reserved 1048576K
Event: 414.796 GC heap after
Heap after GC invocations=524 (full 9):
 PSYoungGen      total 347136K, used 448K [0x00000000eab00000, 0x0000000100000000, 0x0000000100000000)
  eden space 345088K, 0% used [0x00000000eab00000,0x00000000eab00000,0x00000000ffc00000)
  from space 2048K, 21% used [0x00000000ffc00000,0x00000000ffc70010,0x00000000ffe00000)
  to   space 2048K, 0% used [0x00000000ffe00000,0x00000000ffe00000,0x0000000100000000)
 ParOldGen       total 26112K, used 14076K [0x00000000c0000000, 0x00000000c1980000, 0x00000000eab00000)
  object space 26112K, 53% used [0x00000000c0000000,0x00000000c0dbf020,0x00000000c1980000)
 Metaspace       used 8181K, capacity 8352K, committed 8448K, reserved 1056768K
  class space    used 863K, capacity 929K, committed 1024K, reserved 1048576K
}

